[derby] BEGIN TRACE_DRIVER_CONFIGURATION
[derby] Driver: Apache Derby Network Client JDBC Driver 10.8.2.2 - (1181258)
[derby] Compatible JRE versions: { 1.4, 1.5, 1.6 }
[derby] Range checking enabled: true
[derby] Bug check level: 0xff
[derby] Default fetch size: 64
[derby] Default isolation: 2
[derby] No security manager detected.
[derby] Detected local client host: SEA-1201019628/10.63.164.71
[derby] JDBC 1 system property jdbc.drivers = org.apache.derby.jdbc.ClientDriver
[derby] Java Runtime Environment version 1.7.0_25
[derby] Java Runtime Environment vendor = Oracle Corporation
[derby] Java vendor URL = http://java.oracle.com/
[derby] Java installation directory = C:\Program Files (x86)\Java\jre7
[derby] Java Virtual Machine specification version = 1.7
[derby] Java Virtual Machine specification vendor = Oracle Corporation
[derby] Java Virtual Machine specification name = Java Virtual Machine Specification
[derby] Java Virtual Machine implementation version = 23.25-b01
[derby] Java Virtual Machine implementation vendor = Oracle Corporation
[derby] Java Virtual Machine implementation name = Java HotSpot(TM) Client VM
[derby] Java Runtime Environment specification version = 1.7
[derby] Java Runtime Environment specification vendor = Oracle Corporation
[derby] Java Runtime Environment specification name = Java Platform API Specification
[derby] Java class format version number = 51.0
[derby] Java class path = C:\dev\codes\java1\JDBC0\bin;C:\dev\database\derby\lib\derby.jar;C:\dev\database\derby\lib\derbyclient.jar
[derby] Java native library path = C:\Program Files (x86)\Java\jre7\bin;C:\WINDOWS\Sun\Java\bin;C:\WINDOWS\system32;C:\WINDOWS;C:/Program Files (x86)/Java/jre7/bin/client;C:/Program Files (x86)/Java/jre7/bin;C:/Program Files (x86)/Java/jre7/lib/i386;C:\WINDOWS\system32;C:\WINDOWS;C:\WINDOWS\System32\Wbem;C:\WINDOWS\System32\WindowsPowerShell\v1.0\;C:\Program Files (x86)\QuickTime\QTSystem\;C:\Program Files (x86)\Quarantine\;C:\dev\Java\jdk\bin;;c:\dev\eclipse;;.
[derby] Path of extension directory or directories = C:\Program Files (x86)\Java\jre7\lib\ext;C:\WINDOWS\Sun\Java\lib\ext
[derby] Operating system name = Windows 7
[derby] Operating system architecture = x86
[derby] Operating system version = 6.1
[derby] File separator ("/" on UNIX) = \
[derby] Path separator (":" on UNIX) = ;
[derby] User's account name = liazhang
[derby] User's home directory = C:\Users\liazhang
[derby] User's current working directory = C:\dev\codes\java1\JDBC0
[derby] END TRACE_DRIVER_CONFIGURATION
[derby] BEGIN TRACE_CONNECTS
[derby] Attempting connection to localhost:1527/COREJAVA;traceFile=trace.out;create=true
[derby] Using properties: { traceFile=trace.out, user=liang, password=*****, create=true }
[derby] END TRACE_CONNECTS
[derby] [net][time:1377809945822][thread:main][tracepoint:1][Request.flush]
[derby]        SEND BUFFER: EXCSAT                 (ASCII)           (EBCDIC)
[derby]        0 1 2 3 4 5 6 7   8 9 A B C D E F   0123456789ABCDEF  0123456789ABCDEF
[derby] 0000   006AD04100010064  10410010115E8485  .j.A...d.A...^..  .|}..........;de
[derby] 0010   9982A88495839481  89950009116DC485  .............m..  rbydncmain..._De
[derby] 0020   9982A80021115AC4  D5C3F1F0F0F8F161  ....!.Z........a  rby...!DNC10081/
[derby] 0030   F1F04BF84BF24BF2  4060404DF1F1F8F1  ..K.K.K.@`@M....  10.8.2.2 - (1181
[derby] 0040   F2F5F85D00181404  1403000724070007  ...]........$...  258)............
[derby] 0050   240F000714400007  1C0804B8000E1147  $....@.........G  ..... ..........
[derby] 0060   D8C4C5D9C2E861D1  E5D4              ......a...        QDERBY/JVM      
[derby] 
[derby]        SEND BUFFER: ACCSEC                 (ASCII)           (EBCDIC)
[derby] 0000   003CD00100020036  106D000611A20003  .<.....6.m......  ..}......_...s..
[derby] 0010   002C2110C3D6D9C5  D1C1E5C15EA39981  .,!.........^...  ....COREJAVA;tra
[derby] 0020   8385C68993857EA3  998183854B96A4A3  ......~.....K...  ceFile=trace.out
[derby] 0030   5E83998581A3857E  A399A485          ^......~....      ;create=true    
[derby] 
[derby] [net][time:1377809945823][thread:main][tracepoint:2][Reply.fill]
[derby]        RECEIVE BUFFER: EXCSATRD            (ASCII)           (EBCDIC)
[derby]        0 1 2 3 4 5 6 7   8 9 A B C D E F   0123456789ABCDEF  0123456789ABCDEF
[derby] 0000   0088D04200010082  1443001D115ED585  ...B.....C...^..  .h}....b.....;Ne
[derby] 0010   A3A6969992E28599  A58599C39695A399  ................  tworkServerContr
[derby] 0020   9693409481899500  1814041403000724  ..@............$  ol main.........
[derby] 0030   070007240F000714  4000071C0804B800  ...$....@.......  ........ .......
[derby] 0040   101147C197818388  8540C4859982A800  ..G......@......  ...Apache Derby.
[derby] 0050   18116DD585A3A696  9992E28599A58599  ..m.............  .._NetworkServer
[derby] 0060   C39695A399969300  21115AC3E2E2F1F0  ........!.Z.....  Control...!CSS10
[derby] 0070   F0F8F161F1F04BF8  4BF24BF24060404D  ...a..K.K.K.@`@M  081/10.8.2.2 - (
[derby] 0080   F1F1F8F1F2F5F85D                    .......]          1181258)        
[derby] 
[derby]        RECEIVE BUFFER: ACCSECRD            (ASCII)           (EBCDIC)
[derby] 0000   0010D0020002000A  14AC000611A20003  ................  ..}..........s..
[derby] 
[derby] [net][time:1377809945824][thread:main][tracepoint:1][Request.flush]
[derby]        SEND BUFFER: SECCHK                 (ASCII)           (EBCDIC)
[derby]        0 1 2 3 4 5 6 7   8 9 A B C D E F   0123456789ABCDEF  0123456789ABCDEF
[derby] 0000   004ED04100010048  106E000611A20003  .N.A...H.n......  .+}......>...s..
[derby] 0010   002C2110434F5245  4A4156413B747261  .,!.COREJAVA;tra  .....|........./
[derby] 0020   636546696C653D74  726163652E6F7574  ceFile=trace.out  ....%..../...?..
[derby] 0030   3B6372656174653D  74727565000911A0  ;create=true....  ..../...........
[derby] 0040   6C69616E67000911  A12A2A2A2A2A      liang....*****    %./>....~.....  
[derby] 
[derby]        SEND BUFFER: ACCRDB                 (ASCII)           (EBCDIC)
[derby] 0000   00BED001000200B8  2001002C2110434F  ........ ..,!.CO  ..}............|
[derby] 0010   52454A4156413B74  7261636546696C65  REJAVA;traceFile  ........./....%.
[derby] 0020   3D74726163652E6F  75743B6372656174  =trace.out;creat  .../...?....../.
[derby] 0030   653D747275650006  210F2407000C112E  e=true..!.$.....  ................
[derby] 0040   444E433130303831  003C210437C4D5C3  DNC10081.<!.7...  .+...........DNC
[derby] 0050   F1F0F0F8F1D1E5D4  4040404040404040  ........@@@@@@@@  10081JVM        
[derby] 0060   4040404040404084  859982A884958394  @@@@@@@.........         derbydncm
[derby] 0070   8189954040404040  4040404040404040  ...@@@@@@@@@@@@@  ain             
[derby] 0080   40404000000D002F  51544453514C4153  @@@..../QTDSQLAS     ..........<..
[derby] 0090   4300172135D5C6F0  F0F0F0F0F12EC4F3  C..!5...........  .....NF000001.D3
[derby] 00A0   F0F70140CBDF54E0  001600350006119C  ...@..T....5....  07. ...\........
[derby] 00B0   04B80006119D04B0  0006119E04B8      ..............    ..............  
[derby] 
[derby] [net][time:1377809945832][thread:main][tracepoint:2][Reply.fill]
[derby]        RECEIVE BUFFER: SECCHKRM            (ASCII)           (EBCDIC)
[derby]        0 1 2 3 4 5 6 7   8 9 A B C D E F   0123456789ABCDEF  0123456789ABCDEF
[derby] 0000   0015D0420001000F  1219000611490000  ...B.........I..  ..}.............
[derby] 0010   000511A400                          .....             ...u.           
[derby] 
[derby]        RECEIVE BUFFER: ACCRDBRM            (ASCII)           (EBCDIC)
[derby] 0000   0039D05200020033  2201000611490000  .9.R...3"....I..  ..}.............
[derby] 0010   000C112E43535331  30303831000D002F  ....CSS10081.../  ................
[derby] 0020   51544453514C4153  4300100035000611  QTDSQLASC...5...  .....<..........
[derby] 0030   9C04B80006119E04  B8                .........         .........       
[derby] 
[derby]        RECEIVE BUFFER: PBSD                (ASCII)           (EBCDIC)
[derby] 0000   0018D00200020012  C0000005C0010200  ................  ..}.....{...{...
[derby] 0010   09C0024C49414E47                    ...LIANG          .{.<..+.        
[derby] 
[derby][Connection@13e5454] BEGIN TRACE_CONNECTS
[derby][Connection@13e5454] Successfully connected to server jdbc:derby://localhost:1527/COREJAVA;traceFile=trace.out;create=true
[derby][Connection@13e5454] User: liang
[derby][Connection@13e5454] Database product name: Apache Derby
[derby][Connection@13e5454] Database product version: 10.8.2.2 - (1181258)
[derby][Connection@13e5454] Driver name: Apache Derby Network Client JDBC Driver
[derby][Connection@13e5454] Driver version: 10.8.2.2 - (1181258)
[derby][Connection@13e5454] END TRACE_CONNECTS
[derby]   PROTOCOL manager levels: { SQLAM=7, AGENT=7, CMNTCPIP=5, RDB=7, SECMGR=7, XAMGR=7, SYNCPTMGR=0, RSYNCMGR=0 }
[derby][Time:1377809945837][Thread:main][Connection@13e5454] getMetaData () returned DatabaseMetaData@11261b1
[derby] [net][time:1377809945846][thread:main][tracepoint:1][Request.flush]
[derby]        SEND BUFFER: PRPSQLSTT              (ASCII)           (EBCDIC)
[derby]        0 1 2 3 4 5 6 7   8 9 A B C D E F   0123456789ABCDEF  0123456789ABCDEF
[derby] 0000   006AD05100010064  200D006021130028  .j.Q...d ..`!..(  .|}........-....
[derby] 0010   434F52454A415641  3B74726163654669  COREJAVA;traceFi  .|........./....
[derby] 0020   6C653D7472616365  2E6F75743B637265  le=trace.out;cre  %..../...?......
[derby] 0030   6174653D74727565  00124E554C4C4944  ate=true..NULLID  /.........+.<<..
[derby] 0040   2020202020202020  2020202000125359              ..SY  ................
[derby] 0050   534C483030302020  2020202020202020  SLH000            .<..............
[derby] 0060   5359534C564C3031  0001              SYSLVL01..        ...<.<....      
[derby] 
[derby]        SEND BUFFER:                        (ASCII)           (EBCDIC)
[derby] 0000   001AD05300010014  2450000000000A57  ...S....$P.....W  ..}......&......
[derby] 0010   49544820484F4C44  20FF0026D0430001  ITH HOLD ..&.C..  .....|<.....}...
[derby] 0020   0020241400000000  1643414C4C205359  . $......CALL SY  ...........<<...
[derby] 0030   5349424D2E4D6574  61446174612829FF  SIBM.MetaData().  ...(.(../././...
[derby] 0040   006FD00100020069  2008006021130028  .o.....i ..`!..(  .?}........-....
[derby] 0050   434F52454A415641  3B74726163654669  COREJAVA;traceFi  .|........./....
[derby] 0060   6C653D7472616365  2E6F75743B637265  le=trace.out;cre  %..../...?......
[derby] 0070   6174653D74727565  00124E554C4C4944  ate=true..NULLID  /.........+.<<..
[derby] 0080   2020202020202020  2020202000125359              ..SY  ................
[derby] 0090   534C483030302020  2020202020202020  SLH000            .<..............
[derby] 00A0   5359534C564C3031  00010005214605    SYSLVL01....!F.   ...<.<......... 
[derby] 
[derby] [net][time:1377809945847][thread:main][tracepoint:2][Reply.fill]
[derby]        RECEIVE BUFFER: SQLCARD             (ASCII)           (EBCDIC)
[derby]        0 1 2 3 4 5 6 7   8 9 A B C D E F   0123456789ABCDEF  0123456789ABCDEF
[derby] 0000   0047D04300010041  2408000000000020  .G.C...A$......   ..}.............
[derby] 0010   2020202043535331  3030383100000000      CSS10081....  ................
[derby] 0020   0000000000000000  0000000000000000  ................  ................
[derby] 0030   0000000000202020  2020202020202020  .....             ................
[derby] 0040   000000000000FF                      .......           .......         
[derby] 
[derby]        RECEIVE BUFFER: SQLDARD             (ASCII)           (EBCDIC)
[derby] 0000   005CD00300020056  2411000000000020  .\.....V$......   .*}.............
[derby] 0010   2020202043535331  3030383100000000      CSS10081....  ................
[derby] 0020   0000000000000000  0000000000000000  ................  ................
[derby] 0030   0000000000202020  2020202020202020  .....             ................
[derby] 0040   000000000000FF00  0001000000000000  ................  ................
[derby] 0050   0000000000000000  00000000          ............      ............    
[derby] 
[derby][Time:1377809945850][Thread:main][Connection@13e5454] isClosed () returned false
[derby] [net][time:1377809945850][thread:main][tracepoint:1][Request.flush]
[derby]        SEND BUFFER: EXCSQLSTT              (ASCII)           (EBCDIC)
[derby]        0 1 2 3 4 5 6 7   8 9 A B C D E F   0123456789ABCDEF  0123456789ABCDEF
[derby] 0000   0090D0010001008A  200B006021130028  ........ ..`!..(  ..}........-....
[derby] 0010   434F52454A415641  3B74726163654669  COREJAVA;traceFi  .|........./....
[derby] 0020   6C653D7472616365  2E6F75743B637265  le=trace.out;cre  %..../...?......
[derby] 0030   6174653D74727565  00124E554C4C4944  ate=true..NULLID  /.........+.<<..
[derby] 0040   2020202020202020  2020202000125359              ..SY  ................
[derby] 0050   534C483030302020  2020202020202020  SLH000            .<..............
[derby] 0060   5359534C564C3031  000100052105F100  SYSLVL01....!...  ...<.<........1.
[derby] 0070   08211400007FFF00  062141FFFF000621  .!.......!A....!  ....."..........
[derby] 0080   40FFFF0005214204  0008215600000040  @....!B...!V...@   .............. 
[derby] 
[derby] [net][time:1377809945876][thread:main][tracepoint:2][Reply.fill]
[derby]        RECEIVE BUFFER: RSLSETRM            (ASCII)           (EBCDIC)
[derby]        0 1 2 3 4 5 6 7   8 9 A B C D E F   0123456789ABCDEF  0123456789ABCDEF
[derby] 0000   0074D0520001006E  2219000611490000  .t.R...n"....I..  ..}....>........
[derby] 0010   0064213900602113  0028434F52454A41  .d!9.`!..(COREJA  .....-.....|....
[derby] 0020   56413B7472616365  46696C653D747261  VA;traceFile=tra  ...../....%..../
[derby] 0030   63652E6F75743B63  72656174653D7472  ce.out;create=tr  ...?....../.....
[derby] 0040   756500124E554C4C  4944202020202020  ue..NULLID        ....+.<<........
[derby] 0050   2020202020200012  5359534C48303030        ..SYSLH000  ...........<....
[derby] 0060   2020202020202020  20205359534C564C            SYSLVL  .............<.<
[derby] 0070   30310001                            01..              ....            
[derby] 
[derby]        RECEIVE BUFFER: SQLCARD             (ASCII)           (EBCDIC)
[derby] 0000   0047D05300010041  2408000000000020  .G.S...A$......   ..}.............
[derby] 0010   2020202043535331  3030383100000000      CSS10081....  ................
[derby] 0020   0000000000000000  0000000000000000  ................  ................
[derby] 0030   0000000000202020  2020202020202020  .....             ................
[derby] 0040   000000000000FF                      .......           .......         
[derby] 
[derby]        RECEIVE BUFFER:                     (ASCII)           (EBCDIC)
[derby] 0000   0018D05300010012  240E000100000000  ...S....$.......  ..}.............
[derby] 0010   0000000000000001  002CD05300010026  .........,.S...&  ..........}.....
[derby] 0020   2205000611490000  0006210224170005  "....I....!.$...  ................
[derby] 0030   211FF1000C215B00  0000000000000000  !....![.........  ..1...$.........
[derby] 0040   052150011A72D053  00011A6C240B0000  .!P..r.S...l$...  ..&...}....%....
[derby] 0050   0100000000000000  0000000000000000  ................  ................
[derby] 0060   00006B0001000000  0000000000000109  ..k.............  ..,.............
[derby] 0070   8500000000000001  3100000000000000  ........1.......  e...............
[derby] 0080   000000FF00000000  0000000000000000  ................  ................
[derby] 0090   0000000000000000  0000000001310000  .............1..  ................
[derby] 00A0   0001000000000000  0000000109850000  ................  .............e..
[derby] 00B0   0000000001320000  0000000000000000  .....2..........  ................
[derby] 00C0   FF00000000000000  0000000000000000  ................  ................
[derby] 00D0   0000000000000000  0001320000000100  ..........2.....  ................
[derby] 00E0   0000000000000000  0109850000000000  ................  ..........e.....
[derby] 00F0   0001330000000000  0000000000FF0000  ..3.............  ................
[derby] 0100   0000000000000000  0000000000000000  ................  ................
[derby] 0110   0000000000000133  0000000100000000  .......3........  ................
[derby] 0120   0000000000010985  0000000000000134  ...............4  .......e........
[derby] 0130   0000000000000000  0000FF0000000000  ................  ................
[derby] 0140   0000000000000000  0000000000000000  ................  ................
[derby] 0150   0000000134000000  0100000000000000  ....4...........  ................
[derby] 0160   0000010985000000  0000000135000000  ............5...  ....e...........
[derby] 0170   00000000000000FF  0000000000000000  ................  ................
[derby] 0180   0000000000000000  0000000000000000  ................  ................
[derby] 0190   0135000000010000  0000000000000001  .5..............  ................
[derby] 01A0   0985000000000000  0136000000000000  .........6......  .e..............
[derby] 01B0   00000000FF000000  0000000000000000  ................  ................
[derby] 01C0   0000000000000000  0000000000013600  ..............6.  ................
[derby] 01D0   0000010000000000  0000000001098500  ................  ..............e.
[derby] 01E0   0000000000013700  0000000000000000  ......7.........  ................
[derby] 01F0   00FF000000000000  0000000000000000  ................  ................
[derby] 0200   0000000000000000  0000013700000001  ...........7....  ................
[derby] 0210   0000000000000000  0001098500000000  ................  ...........e....
[derby] 0220   0000013800000000  000000000000FF00  ...8............  ................
[derby] 0230   0000000000000000  0000000000000000  ................  ................
[derby] 0240   0000000000000001  3800000001000000  ........8.......  ................
[derby] 0250   0000000000000109  8500000000000001  ................  ........e.......
[derby] 0260   3900000000000000  000000FF00000000  9...............  ................
[derby] 0270   0000000000000000  0000000000000000  ................  ................
[derby] 0280   0000000001390000  0001000000000000  .....9..........  ................
[derby] 0290   0000000109850000  0000000002313000  .............10.  .....e..........
[derby] 02A0   0000000000000000  00FF000000000000  ................  ................
[derby] 02B0   0000000000000000  0000000000000000  ................  ................
[derby] 02C0   0000023130000000  0100000000000000  ...10...........  ................
[derby] 02D0   0000010985000000  0000000231310000  ............11..  ....e...........
[derby] 02E0   0000000000000000  FF00000000000000  ................  ................
[derby] 02F0   0000000000000000  0000000000000000  ................  ................
[derby] 0300   0002313100000001  0000000000000000  ..11............  ................
[derby] 0310   0001098500000000  0000023132000000  ...........12...  ...e............
[derby] 0320   00000000000000FF  0000000000000000  ................  ................
[derby] 0330   0000000000000000  0000000000000000  ................  ................
[derby] 0340   0231320000000100  0000000000000000  .12.............  ................
[derby] 0350   0109850000000000  0002313300000000  ..........13....  ..e.............
[derby] 0360   000000000000FF00  0000000000000000  ................  ................
[derby] 0370   0000000000000000  0000000000000002  ................  ................
[derby] 0380   3133000000010000  0000000000000001  13..............  ................
[derby] 0390   0985000000000000  0231340000000000  .........14.....  .e..............
[derby] 03A0   0000000000FF0000  0000000000000000  ................  ................
[derby] 03B0   0000000000000000  0000000000000231  ...............1  ................
[derby] 03C0   340000001F000000  00000000007FA001  4...............  ............."..
[derby] 03D0   C104B80000000002  3135000000000000  ........15......  A...............
[derby] 03E0   00000000FF000000  0000000000000000  ................  ................
[derby] 03F0   0000000000000000  0000000000023135  ..............15  ................
[derby] 0400   0000001F00000000  000000007FA001C1  ................  ............"..A
[derby] 0410   04B8000000000231  3600000000000000  .......16.......  ................
[derby] 0420   000000FF00000000  0000000000000000  ................  ................
[derby] 0430   0000000000000000  0000000002313600  .............16.  ................
[derby] 0440   00001F0000000000  0000007FA001C104  ................  ..........."..A.
[derby] 0450   B800000000023137  0000000000000000  ......17........  ................
[derby] 0460   0000FF0000000000  0000000000000000  ................  ................
[derby] 0470   0000000000000000  0000000231370000  ............17..  ................
[derby] 0480   001F000000000000  00007FA001C104B8  ................  .........."..A..
[derby] 0490   0000000002313800  0000000000000000  .....18.........  ................
[derby] 04A0   00FF000000000000  0000000000000000  ................  ................
[derby] 04B0   0000000000000000  0000023138000000  ...........18...  ................
[derby] 04C0   1F00000000000000  007FA001C104B800  ................  ........."..A...
[derby] 04D0   0000000231390000  0000000000000000  ....19..........  ................
[derby] 04E0   FF00000000000000  0000000000000000  ................  ................
[derby] 04F0   0000000000000000  000231390000001F  ..........19....  ................
[derby] 0500   0000000000000000  7FA001C104B80000  ................  ........"..A....
[derby] 0510   0000023230000000  00000000000000FF  ...20...........  ................
[derby] 0520   0000000000000000  0000000000000000  ................  ................
[derby] 0530   0000000000000000  0232300000001F00  .........20.....  ................
[derby] 0540   000000000000007F  A001C104B8000000  ................  ......."..A.....
[derby] 0550   0002323100000000  000000000000FF00  ..21............  ................
[derby] 0560   0000000000000000  0000000000000000  ................  ................
[derby] 0570   0000000000000002  3231000000010000  ........21......  ................
[derby] 0580   0000000000000001  0985000000000000  ................  .........e......
[derby] 0590   0232320000000000  0000000000FF0000  .22.............  ................
[derby] 05A0   0000000000000000  0000000000000000  ................  ................
[derby] 05B0   0000000000000232  3200000001000000  .......22.......  ................
[derby] 05C0   0000000000000109  8500000000000002  ................  ........e.......
[derby] 05D0   3233000000000000  00000000FF000000  23..............  ................
[derby] 05E0   0000000000000000  0000000000000000  ................  ................
[derby] 05F0   0000000000023233  0000000100000000  ......23........  ................
[derby] 0600   0000000000010985  0000000000000232  ...............2  .......e........
[derby] 0610   3400000000000000  000000FF00000000  4...............  ................
[derby] 0620   0000000000000000  0000000000000000  ................  ................
[derby] 0630   0000000002323400  0000010000000000  .....24.........  ................
[derby] 0640   000000000101C404  B800000000023235  ..............25  ......D.........
[derby] 0650   0000000000000000  0000FF0000000000  ................  ................
[derby] 0660   0000000000000000  0000000000000000  ................  ................
[derby] 0670   0000000232350000  0001000000000000  ....25..........  ................
[derby] 0680   0000000109850000  0000000002323600  .............26.  .....e..........
[derby] 0690   0000000000000000  00FF000000000000  ................  ................
[derby] 06A0   0000000000000000  0000000000000000  ................  ................
[derby] 06B0   0000023236000000  0100000000000000  ...26...........  ................
[derby] 06C0   0000010985000000  0000000232370000  ............27..  ....e...........
[derby] 06D0   0000000000000000  FF00000000000000  ................  ................
[derby] 06E0   0000000000000000  0000000000000000  ................  ................
[derby] 06F0   0002323700000001  0000000000000000  ..27............  ................
[derby] 0700   0001098500000000  0000023238000000  ...........28...  ...e............
[derby] 0710   00000000000000FF  0000000000000000  ................  ................
[derby] 0720   0000000000000000  0000000000000000  ................  ................
[derby] 0730   0232380000000100  0000000000000000  .28.............  ................
[derby] 0740   0109850000000000  0002323900000000  ..........29....  ..e.............
[derby] 0750   000000000000FF00  0000000000000000  ................  ................
[derby] 0760   0000000000000000  0000000000000002  ................  ................
[derby] 0770   3239000000010000  0000000000000001  29..............  ................
[derby] 0780   0985000000000000  0233300000000000  .........30.....  .e..............
[derby] 0790   0000000000FF0000  0000000000000000  ................  ................
[derby] 07A0   0000000000000000  0000000000000233  ...............3  ................
[derby] 07B0   3000000001000000  0000000000000109  0...............  ................
[derby] 07C0   8500000000000002  3331000000000000  ........31......  e...............
[derby] 07D0   00000000FF000000  0000000000000000  ................  ................
[derby] 07E0   0000000000000000  0000000000023331  ..............31  ................
[derby] 07F0   0000000100000000  0000000000010985  ................  ...............e
[derby] 0800   0000000000000233  3200000000000000  .......32.......  ................
[derby] 0810   000000FF00000000  0000000000000000  ................  ................
[derby] 0820   0000000000000000  0000000002333200  .............32.  ................
[derby] 0830   0000010000000000  0000000001098500  ................  ..............e.
[derby] 0840   0000000000023333  0000000000000000  ......33........  ................
[derby] 0850   0000FF0000000000  0000000000000000  ................  ................
[derby] 0860   0000000000000000  0000000233330000  ............33..  ................
[derby] 0870   0001000000000000  0000000109850000  ................  .............e..
[derby] 0880   0000000002333400  0000000000000000  .....34.........  ................
[derby] 0890   00FF000000000000  0000000000000000  ................  ................
[derby] 08A0   0000000000000000  0000023334000000  ...........34...  ................
[derby] 08B0   0100000000000000  0000010985000000  ................  ............e...
[derby] 08C0   0000000233350000  0000000000000000  ....35..........  ................
[derby] 08D0   FF00000000000000  0000000000000000  ................  ................
[derby] 08E0   0000000000000000  0002333500000001  ..........35....  ................
[derby] 08F0   0000000000000000  0001098500000000  ................  ...........e....
[derby] 0900   0000023336000000  00000000000000FF  ...36...........  ................
[derby] 0910   0000000000000000  0000000000000000  ................  ................
[derby] 0920   0000000000000000  0233360000000100  .........36.....  ................
[derby] 0930   0000000000000000  0109850000000000  ................  ..........e.....
[derby] 0940   0002333700000000  000000000000FF00  ..37............  ................
[derby] 0950   0000000000000000  0000000000000000  ................  ................
[derby] 0960   0000000000000002  3337000000010000  ........37......  ................
[derby] 0970   0000000000000001  0985000000000000  ................  .........e......
[derby] 0980   0233380000000000  0000000000FF0000  .38.............  ................
[derby] 0990   0000000000000000  0000000000000000  ................  ................
[derby] 09A0   0000000000000233  3800000001000000  .......38.......  ................
[derby] 09B0   0000000000000109  8500000000000002  ................  ........e.......
[derby] 09C0   3339000000000000  00000000FF000000  39..............  ................
[derby] 09D0   0000000000000000  0000000000000000  ................  ................
[derby] 09E0   0000000000023339  0000000100000000  ......39........  ................
[derby] 09F0   0000000000010985  0000000000000234  ...............4  .......e........
[derby] 0A00   3000000000000000  000000FF00000000  0...............  ................
[derby] 0A10   0000000000000000  0000000000000000  ................  ................
[derby] 0A20   0000000002343000  0000010000000000  .....40.........  ................
[derby] 0A30   0000000001098500  0000000000023431  ..............41  ......e.........
[derby] 0A40   0000000000000000  0000FF0000000000  ................  ................
[derby] 0A50   0000000000000000  0000000000000000  ................  ................
[derby] 0A60   0000000234310000  001F000000000000  ....41..........  ................
[derby] 0A70   00007FA001C104B8  0000000002343200  .............42.  .."..A..........
[derby] 0A80   0000000000000000  00FF000000000000  ................  ................
[derby] 0A90   0000000000000000  0000000000000000  ................  ................
[derby] 0AA0   0000023432000000  1F00000000000000  ...42...........  ................
[derby] 0AB0   007FA001C104B800  0000000234330000  ............43..  ."..A...........
[derby] 0AC0   0000000000000000  FF00000000000000  ................  ................
[derby] 0AD0   0000000000000000  0000000000000000  ................  ................
[derby] 0AE0   000234330000001F  0000000000000000  ..43............  ................
[derby] 0AF0   7FA001C104B80000  0000023434000000  ...........44...  "..A............
[derby] 0B00   00000000000000FF  0000000000000000  ................  ................
[derby] 0B10   0000000000000000  0000000000000000  ................  ................
[derby] 0B20   0234340000000100  0000000000000000  .44.............  ................
[derby] 0B30   0109850000000000  0002343500000000  ..........45....  ..e.............
[derby] 0B40   000000000000FF00  0000000000000000  ................  ................
[derby] 0B50   0000000000000000  0000000000000002  ................  ................
[derby] 0B60   34350000001F0000  0000000000007FA0  45..............  ..............".
[derby] 0B70   01C104B800000000  0234360000000000  .........46.....  .A..............
[derby] 0B80   0000000000FF0000  0000000000000000  ................  ................
[derby] 0B90   0000000000000000  0000000000000234  ...............4  ................
[derby] 0BA0   3600000001000000  0000000000000109  6...............  ................
[derby] 0BB0   8500000000000002  3437000000000000  ........47......  e...............
[derby] 0BC0   00000000FF000000  0000000000000000  ................  ................
[derby] 0BD0   0000000000000000  0000000000023437  ..............47  ................
[derby] 0BE0   0000000100000000  0000000000010985  ................  ...............e
[derby] 0BF0   0000000000000234  3800000000000000  .......48.......  ................
[derby] 0C00   000000FF00000000  0000000000000000  ................  ................
[derby] 0C10   0000000000000000  0000000002343800  .............48.  ................
[derby] 0C20   0000010000000000  0000000001098500  ................  ..............e.
[derby] 0C30   0000000000023439  0000000000000000  ......49........  ................
[derby] 0C40   0000FF0000000000  0000000000000000  ................  ................
[derby] 0C50   0000000000000000  0000000234390000  ............49..  ................
[derby] 0C60   0001000000000000  0000000109850000  ................  .............e..
[derby] 0C70   0000000002353000  0000000000000000  .....50.........  ................
[derby] 0C80   00FF000000000000  0000000000000000  ................  ................
[derby] 0C90   0000000000000000  0000023530000000  ...........50...  ................
[derby] 0CA0   0100000000000000  0000010985000000  ................  ............e...
[derby] 0CB0   0000000235310000  0000000000000000  ....51..........  ................
[derby] 0CC0   FF00000000000000  0000000000000000  ................  ................
[derby] 0CD0   0000000000000000  0002353100000001  ..........51....  ................
[derby] 0CE0   0000000000000000  0001098500000000  ................  ...........e....
[derby] 0CF0   0000023532000000  00000000000000FF  ...52...........  ................
[derby] 0D00   0000000000000000  0000000000000000  ................  ................
[derby] 0D10   0000000000000000  0235320000000100  .........52.....  ................
[derby] 0D20   0000000000000000  0109850000000000  ................  ..........e.....
[derby] 0D30   0002353300000000  000000000000FF00  ..53............  ................
[derby] 0D40   0000000000000000  0000000000000000  ................  ................
[derby] 0D50   0000000000000002  3533000000010000  ........53......  ................
[derby] 0D60   0000000000000001  0985000000000000  ................  .........e......
[derby] 0D70   0235340000000000  0000000000FF0000  .54.............  ................
[derby] 0D80   0000000000000000  0000000000000000  ................  ................
[derby] 0D90   0000000000000235  3400000001000000  .......54.......  ................
[derby] 0DA0   0000000000000109  8500000000000002  ................  ........e.......
[derby] 0DB0   3535000000000000  00000000FF000000  55..............  ................
[derby] 0DC0   0000000000000000  0000000000000000  ................  ................
[derby] 0DD0   0000000000023535  0000000100000000  ......55........  ................
[derby] 0DE0   0000000000010985  0000000000000235  ...............5  .......e........
[derby] 0DF0   3600000000000000  000000FF00000000  6...............  ................
[derby] 0E00   0000000000000000  0000000000000000  ................  ................
[derby] 0E10   0000000002353600  0000010000000000  .....56.........  ................
[derby] 0E20   0000000001098500  0000000000023537  ..............57  ......e.........
[derby] 0E30   0000000000000000  0000FF0000000000  ................  ................
[derby] 0E40   0000000000000000  0000000000000000  ................  ................
[derby] 0E50   0000000235370000  0001000000000000  ....57..........  ................
[derby] 0E60   0000000109850000  0000000002353800  .............58.  .....e..........
[derby] 0E70   0000000000000000  00FF000000000000  ................  ................
[derby] 0E80   0000000000000000  0000000000000000  ................  ................
[derby] 0E90   0000023538000000  0100000000000000  ...58...........  ................
[derby] 0EA0   0000010985000000  0000000235390000  ............59..  ....e...........
[derby] 0EB0   0000000000000000  FF00000000000000  ................  ................
[derby] 0EC0   0000000000000000  0000000000000000  ................  ................
[derby] 0ED0   0002353900000001  0000000000000000  ..59............  ................
[derby] 0EE0   0001098500000000  0000023630000000  ...........60...  ...e............
[derby] 0EF0   00000000000000FF  0000000000000000  ................  ................
[derby] 0F00   0000000000000000  0000000000000000  ................  ................
[derby] 0F10   0236300000000100  0000000000000000  .60.............  ................
[derby] 0F20   0109850000000000  0002363100000000  ..........61....  ..e.............
[derby] 0F30   000000000000FF00  0000000000000000  ................  ................
[derby] 0F40   0000000000000000  0000000000000002  ................  ................
[derby] 0F50   3631000000010000  0000000000000001  61..............  ................
[derby] 0F60   0985000000000000  0236320000000000  .........62.....  .e..............
[derby] 0F70   0000000000FF0000  0000000000000000  ................  ................
[derby] 0F80   0000000000000000  0000000000000236  ...............6  ................
[derby] 0F90   3200000001000000  0000000000000109  2...............  ................
[derby] 0FA0   8500000000000002  3633000000000000  ........63......  e...............
[derby] 0FB0   00000000FF000000  0000000000000000  ................  ................
[derby] 0FC0   0000000000000000  0000000000023633  ..............63  ................
[derby] 0FD0   0000000100000000  0000000000010985  ................  ...............e
[derby] 0FE0   0000000000000236  3400000000000000  .......64.......  ................
[derby] 0FF0   000000FF00000000  0000000000000000  ................  ................
[derby] 1000   0000000000000000  0000000002363400  .............64.  ................
[derby] 1010   0000010000000000  0000000001098500  ................  ..............e.
[derby] 1020   0000000000023635  0000000000000000  ......65........  ................
[derby] 1030   0000FF0000000000  0000000000000000  ................  ................
[derby] 1040   0000000000000000  0000000236350000  ............65..  ................
[derby] 1050   0001000000000000  0000000109850000  ................  .............e..
[derby] 1060   0000000002363600  0000000000000000  .....66.........  ................
[derby] 1070   00FF000000000000  0000000000000000  ................  ................
[derby] 1080   0000000000000000  0000023636000000  ...........66...  ................
[derby] 1090   0100000000000000  0000010985000000  ................  ............e...
[derby] 10A0   0000000236370000  0000000000000000  ....67..........  ................
[derby] 10B0   FF00000000000000  0000000000000000  ................  ................
[derby] 10C0   0000000000000000  000236370000000A  ..........67....  ................
[derby] 10D0   0000000000000000  000401F100000000  ................  ...........1....
[derby] 10E0   0000023638000000  00000000000000FF  ...68...........  ................
[derby] 10F0   0000000000000000  0000000000000000  ................  ................
[derby] 1100   0000000000000000  0236380000000A00  .........68.....  ................
[derby] 1110   0000000000000000  0401F10000000000  ................  ..........1.....
[derby] 1120   0002363900000000  000000000000FF00  ..69............  ................
[derby] 1130   0000000000000000  0000000000000000  ................  ................
[derby] 1140   0000000000000002  36390000000A0000  ........69......  ................
[derby] 1150   0000000000000004  01F1000000000000  ................  .........1......
[derby] 1160   0237300000000000  0000000000FF0000  .70.............  ................
[derby] 1170   0000000000000000  0000000000000000  ................  ................
[derby] 1180   0000000000000237  300000000A000000  .......70.......  ................
[derby] 1190   0000000000000401  F100000000000002  ................  ........1.......
[derby] 11A0   3731000000000000  00000000FF000000  71..............  ................
[derby] 11B0   0000000000000000  0000000000000000  ................  ................
[derby] 11C0   0000000000023731  0000000A00000000  ......71........  ................
[derby] 11D0   00000000000401F1  0000000000000237  ...............7  .......1........
[derby] 11E0   3200000000000000  000000FF00000000  2...............  ................
[derby] 11F0   0000000000000000  0000000000000000  ................  ................
[derby] 1200   0000000002373200  00000A0000000000  .....72.........  ................
[derby] 1210   000000000401F100  0000000000023733  ..............73  ......1.........
[derby] 1220   0000000000000000  0000FF0000000000  ................  ................
[derby] 1230   0000000000000000  0000000000000000  ................  ................
[derby] 1240   0000000237330000  000A000000000000  ....73..........  ................
[derby] 1250   0000000401F10000  0000000002373400  .............74.  .....1..........
[derby] 1260   0000000000000000  00FF000000000000  ................  ................
[derby] 1270   0000000000000000  0000000000000000  ................  ................
[derby] 1280   0000023734000000  0A00000000000000  ...74...........  ................
[derby] 1290   00000401F1000000  0000000237350000  ............75..  ....1...........
[derby] 12A0   0000000000000000  FF00000000000000  ................  ................
[derby] 12B0   0000000000000000  0000000000000000  ................  ................
[derby] 12C0   000237350000000A  0000000000000000  ..75............  ................
[derby] 12D0   000401F100000000  0000023736000000  ...........76...  ...1............
[derby] 12E0   00000000000000FF  0000000000000000  ................  ................
[derby] 12F0   0000000000000000  0000000000000000  ................  ................
[derby] 1300   0237360000000A00  0000000000000000  .76.............  ................
[derby] 1310   0401F10000000000  0002373700000000  ..........77....  ..1.............
[derby] 1320   000000000000FF00  0000000000000000  ................  ................
[derby] 1330   0000000000000000  0000000000000002  ................  ................
[derby] 1340   37370000000A0000  0000000000000004  77..............  ................
[derby] 1350   01F1000000000000  0237380000000000  .........78.....  .1..............
[derby] 1360   0000000000FF0000  0000000000000000  ................  ................
[derby] 1370   0000000000000000  0000000000000237  ...............7  ................
[derby] 1380   380000000A000000  0000000000000401  8...............  ................
[derby] 1390   F100000000000002  3739000000000000  ........79......  1...............
[derby] 13A0   00000000FF000000  0000000000000000  ................  ................
[derby] 13B0   0000000000000000  0000000000023739  ..............79  ................
[derby] 13C0   0000000A00000000  00000000000401F1  ................  ...............1
[derby] 13D0   0000000000000238  3000000000000000  .......80.......  ................
[derby] 13E0   000000FF00000000  0000000000000000  ................  ................
[derby] 13F0   0000000000000000  0000000002383000  .............80.  ................
[derby] 1400   00000A0000000000  000000000401F100  ................  ..............1.
[derby] 1410   0000000000023831  0000000000000000  ......81........  ................
[derby] 1420   0000FF0000000000  0000000000000000  ................  ................
[derby] 1430   0000000000000000  0000000238310000  ............81..  ................
[derby] 1440   000A000000000000  0000000401F10000  ................  .............1..
[derby] 1450   0000000002383200  0000000000000000  .....82.........  ................
[derby] 1460   00FF000000000000  0000000000000000  ................  ................
[derby] 1470   0000000000000000  0000023832000000  ...........82...  ................
[derby] 1480   0100000000000000  0000010985000000  ................  ............e...
[derby] 1490   0000000238330000  0000000000000000  ....83..........  ................
[derby] 14A0   FF00000000000000  0000000000000000  ................  ................
[derby] 14B0   0000000000000000  000238330000000A  ..........83....  ................
[derby] 14C0   0000000000000000  000401F100000000  ................  ...........1....
[derby] 14D0   0000023834000000  00000000000000FF  ...84...........  ................
[derby] 14E0   0000000000000000  0000000000000000  ................  ................
[derby] 14F0   0000000000000000  0238340000000A00  .........84.....  ................
[derby] 1500   0000000000000000  0401F10000000000  ................  ..........1.....
[derby] 1510   0002383500000000  000000000000FF00  ..85............  ................
[derby] 1520   0000000000000000  0000000000000000  ................  ................
[derby] 1530   0000000000000002  38350000000A0000  ........85......  ................
[derby] 1540   0000000000000004  01F1000000000000  ................  .........1......
[derby] 1550   0238360000000000  0000000000FF0000  .86.............  ................
[derby] 1560   0000000000000000  0000000000000000  ................  ................
[derby] 1570   0000000000000238  360000000A000000  .......86.......  ................
[derby] 1580   0000000000000401  F100000000000002  ................  ........1.......
[derby] 1590   3837000000000000  00000000FF000000  87..............  ................
[derby] 15A0   0000000000000000  0000000000000000  ................  ................
[derby] 15B0   0000000000023837  0000000A00000000  ......87........  ................
[derby] 15C0   00000000000401F1  0000000000000238  ...............8  .......1........
[derby] 15D0   3800000000000000  000000FF00000000  8...............  ................
[derby] 15E0   0000000000000000  0000000000000000  ................  ................
[derby] 15F0   0000000002383800  00000A0000000000  .....88.........  ................
[derby] 1600   000000000401F100  0000000000023839  ..............89  ......1.........
[derby] 1610   0000000000000000  0000FF0000000000  ................  ................
[derby] 1620   0000000000000000  0000000000000000  ................  ................
[derby] 1630   0000000238390000  0001000000000000  ....89..........  ................
[derby] 1640   0000000109850000  0000000002393000  .............90.  .....e..........
[derby] 1650   0000000000000000  00FF000000000000  ................  ................
[derby] 1660   0000000000000000  0000000000000000  ................  ................
[derby] 1670   0000023930000000  0700000000000000  ...90...........  ................
[derby] 1680   00000701C404B800  0000000239310000  ............91..  ....D...........
[derby] 1690   0000000000000000  FF00000000000000  ................  ................
[derby] 16A0   0000000000000000  0000000000000000  ................  ................
[derby] 16B0   0002393100000001  0000000000000000  ..91............  ................
[derby] 16C0   0001098500000000  0000023932000000  ...........92...  ...e............
[derby] 16D0   00000000000000FF  0000000000000000  ................  ................
[derby] 16E0   0000000000000000  0000000000000000  ................  ................
[derby] 16F0   0239320000000100  0000000000000000  .92.............  ................
[derby] 1700   0109850000000000  0002393300000000  ..........93....  ..e.............
[derby] 1710   000000000000FF00  0000000000000000  ................  ................
[derby] 1720   0000000000000000  0000000000000002  ................  ................
[derby] 1730   3933000000010000  0000000000000001  93..............  ................
[derby] 1740   0985000000000000  0239340000000000  .........94.....  .e..............
[derby] 1750   0000000000FF0000  0000000000000000  ................  ................
[derby] 1760   0000000000000000  0000000000000239  ...............9  ................
[derby] 1770   3400000001000000  0000000000000109  4...............  ................
[derby] 1780   8500000000000002  3935000000000000  ........95......  e...............
[derby] 1790   00000000FF000000  0000000000000000  ................  ................
[derby] 17A0   0000000000000000  0000000000023935  ..............95  ................
[derby] 17B0   0000001500000000  00000000001501C1  ................  ...............A
[derby] 17C0   04B8000000000239  3600000000000000  .......96.......  ................
[derby] 17D0   000000FF00000000  0000000000000000  ................  ................
[derby] 17E0   0000000000000000  0000000002393600  .............96.  ................
[derby] 17F0   00001F0000000000  000000002201C404  ............"...  ..............D.
[derby] 1800   B800000000023937  0000000000000000  ......97........  ................
[derby] 1810   0000FF0000000000  0000000000000000  ................  ................
[derby] 1820   0000000000000000  0000000239370000  ............97..  ................
[derby] 1830   0000000000000000  0000000F01C404B8  ................  .............D..
[derby] 1840   0000000002393800  0000000000000000  .....98.........  ................
[derby] 1850   00FF000000000000  0000000000000000  ................  ................
[derby] 1860   0000000000000000  0000023938000000  ...........98...  ................
[derby] 1870   0000000000000000  00000F01C404B800  ................  ............D...
[derby] 1880   0000000239390000  0000000000000000  ....99..........  ................
[derby] 1890   FF00000000000000  0000000000000000  ................  ................
[derby] 18A0   0000000000000000  0002393900000000  ..........99....  ................
[derby] 18B0   0000000000000000  000F01C404B80000  ................  ...........D....
[derby] 18C0   0000033130300000  0000000000000000  ...100..........  ................
[derby] 18D0   FF00000000000000  0000000000000000  ................  ................
[derby] 18E0   0000000000000000  0003313030000000  ..........100...  ................
[derby] 18F0   0400000000000000  00000401C404B800  ................  ............D...
[derby] 1900   0000000331303100  0000000000000000  ....101.........  ................
[derby] 1910   00FF000000000000  0000000000000000  ................  ................
[derby] 1920   0000000000000000  0000033130310000  ...........101..  ................
[derby] 1930   0004000000000000  0000000401C404B8  ................  .............D..
[derby] 1940   0000000003313032  0000000000000000  .....102........  ................
[derby] 1950   0000FF0000000000  0000000000000000  ................  ................
[derby] 1960   0000000000000000  0000000331303200  ............102.  ................
[derby] 1970   0000040000000000  000000000401C404  ................  ..............D.
[derby] 1980   B800000000033130  3300000000000000  ......103.......  ................
[derby] 1990   000000FF00000000  0000000000000000  ................  ................
[derby] 19A0   0000000000000000  0000000003313033  .............103  ................
[derby] 19B0   0000000000000000  00000000000F01C4  ................  ...............D
[derby] 19C0   04B8000000000331  3034000000000000  .......104......  ................
[derby] 19D0   00000000FF000000  0000000000000000  ................  ................
[derby] 19E0   0000000000000000  0000000000033130  ..............10  ................
[derby] 19F0   3400000000000000  0000000000000F01  4...............  ................
[derby] 1A00   C404B80000000003  3130350000000000  ........105.....  D...............
[derby] 1A10   0000000000FF0000  0000000000000000  ................  ................
[derby] 1A20   0000000000000000  0000000000000331  ...............1  ................
[derby] 1A30   3035000000000000  000000000000000F  05..............  ................
[derby] 1A40   01C404B800000000  0331303600000000  .........106....  .D..............
[derby] 1A50   000000000000FF00  0000000000000000  ................  ................
[derby] 1A60   0000000000000000  0000000000000003  ................  ................
[derby] 1A70   3130360000000100  0000000000000000  106.............  ................
[derby] 1A80   0109850000000000  0003313037000000  ..........107...  ..e.............
[derby] 1A90   00000000000000FF  0000000000000000  ................  ................
[derby] 1AA0   0000000000000000  0000000000000000  ................  ................
[derby] 1AB0   0331303700000160  D0530001015A241A  .107...`.S...Z$.  .......-}....!..
[derby] 1AC0   FF76D0BF0001BF00  01BF0001BF0001BF  .v..............  ..}.............
[derby] 1AD0   0001BF0001BF0001  BF0001BF0001BF00  ................  ................
[derby] 1AE0   01BF0001BF0001BF  0001BF0001337FA0  .............3..  ..............".
[derby] 1AF0   337FA0337FA0337F  A0337FA0337FA033  3..3..3..3..3..3  ."..".."..".."..
[derby] 1B00   7FA0BF0001BF0001  BF00013E0001BF00  ...........>....  "...............
[derby] 1B10   01BF0001BF0001BF  0001BF0001BF0001  ................  ................
[derby] 1B20   BF0001BF0001BF00  01BF0001BF0001BF  ................  ................
[derby] 1B30   0001BF0001BF0001  BF0001BF0001337F  ..............3.  ..............."
[derby] 1B40   A0337FA0337FA0BF  0001337FA0BF0001  .3..3.....3.....  ..".."....."....
[derby] 1B50   BF0001BF0001BF00  01BF0001BF0001BF  ................  ................
[derby] 1B60   0001BF0001BF0001  BF0001BF0001BF00  ................  ................
[derby] 1B70   01BF0001BF0001BF  0001BF0001BF0001  ................  ................
[derby] 1B80   BF0001BF0001BF00  01BF000103000403  ................  ................
[derby] 1B90   0004030004030004  0300040300040300  ................  ................
[derby] 1BA0   0403000403000403  0004030004030004  ................  ................
[derby] 1BB0   0300040300040300  04BF000103000448  ...............H  ................
[derby] 1BC0   7F00030004030004  0300040300040300  ................  "...............
[derby] 1BD0   04BF00013E0007BF  0001BF0001BF0001  ....>...........  ................
[derby] 1BE0   BF00013300153E00  223E000F3E000F3E  ...3..>.">..>..>  ................
[derby] 1BF0   000F3E00043E0004  3E00043E000F3E00  ..>..>..>..>..>.  ................
[derby] 1C00   0F3E000FBF000109  71E0540001D00001  .>......q.T.....  .........\...}..
[derby] 1C10   0671F0E00000037B  D00300010375241B  .q.....{.....u$.  ..0\...#}.......
[derby] 1C20   FF00000100010001  0000000000000001  ................  ................
[derby] 1C30   0001000100000000  0000000000010000  ................  ................
[derby] 1C40   CF414C4941532C42  4947494E542C424F  .ALIAS,BIGINT,BO  ..<........+...|
[derby] 1C50   4F4C45414E2C4341  4C4C2C434C415353  OLEAN,CALL,CLASS  |<..+...<<..<...
[derby] 1C60   2C434F50592C4442  324A5F4445425547  ,COPY,DB2J_DEBUG  ..|&............
[derby] 1C70   2C45584543555445  2C4558504C41494E  ,EXECUTE,EXPLAIN  ...........&<..+
[derby] 1C80   2C46494C452C4649  4C5445522C474554  ,FILE,FILTER,GET  ...<....<.......
[derby] 1C90   43555252454E5443  4F4E4E454354494F  CURRENTCONNECTIO  .....+..|++....|
[derby] 1CA0   4E2C494E4445582C  494E5354414E4345  N,INDEX,INSTANCE  +..+.....+...+..
[derby] 1CB0   4F462C4D4554484F  442C4E45572C4F46  OF,METHOD,NEW,OF  |..(...|..+...|.
[derby] 1CC0   462C50524F504552  544945532C524543  F,PROPERTIES,REC  ..&.|&..........
[derby] 1CD0   4F4D50494C452C52  454E414D452C5255  OMPILE,RENAME,RU  |(&.<....+.(....
[derby] 1CE0   4E54494D45535441  544953544943532C  NTIMESTATISTICS,  +..(............
[derby] 1CF0   53544154454D454E  542C535441544953  STATEMENT,STATIS  .....(.+........
[derby] 1D00   544943532C54494D  494E472C57414954  TICS,TIMING,WAIT  .......(.+......
[derby] 1D10   00006A4142532C41  434F532C4153494E  ..jABS,ACOS,ASIN  ..|......|.....+
[derby] 1D20   2C4154414E2C4154  414E322C4345494C  ,ATAN,ATAN2,CEIL  ....+....+.....<
[derby] 1D30   494E472C434F532C  434F542C44454752  ING,COS,COT,DEGR  .+...|...|......
[derby] 1D40   4545532C4558502C  464C4F4F522C4C4F  EES,EXP,FLOOR,LO  ......&..<||..<|
[derby] 1D50   472C4C4F4731302C  4D4F442C50492C52  G,LOG10,MOD,PI,R  ..<|....(|..&...
[derby] 1D60   414449414E532C52  414E442C5349474E  ADIANS,RAND,SIGN  ....+....+.....+
[derby] 1D70   2C53494E2C535152  542C54414E000036  ,SIN,SQRT,TAN..6  ...+........+...
[derby] 1D80   434F4E4341542C4C  454E4754482C4C43  CONCAT,LENGTH,LC  .|+....<.+....<.
[derby] 1D90   4153452C4C4F4341  54452C4C5452494D  ASE,LOCATE,LTRIM  ....<|.....<...(
[derby] 1DA0   2C525452494D2C53  5542535452494E47  ,RTRIM,SUBSTRING  .....(........+.
[derby] 1DB0   2C55434153450000  0455534552000048  ,UCASE...USER..H  ................
[derby] 1DC0   435552444154452C  43555254494D452C  CURDATE,CURTIME,  .............(..
[derby] 1DD0   484F55522C4D494E  5554452C4D4F4E54  HOUR,MINUTE,MONT  .|...(.+....(|+.
[derby] 1DE0   482C5345434F4E44  2C54494D45535441  H,SECOND,TIMESTA  .....|+....(....
[derby] 1DF0   4D504144442C5449  4D455354414D5044  MPADD,TIMESTAMPD  (&......(....(&.
[derby] 1E00   4946462C59454152  0000000000000001  IFF,YEAR........  ................
[derby] 1E10   0001000000013100  0100010000000100  ......1.........  ................
[derby] 1E20   0100010001000100  0000000000000000  ................  ................
[derby] 1E30   0000010000000100  0006534348454D41  ..........SCHEMA  ..............(.
[derby] 1E40   00000950524F4345  4455524500000743  ...PROCEDURE...C  ...&.|..........
[derby] 1E50   4154414C4F470000  0000000001000100  ATALOG..........  ...<|...........
[derby] 1E60   0100010001000000  0000000000000000  ................  ................
[derby] 1E70   0100010001000100  0100010001000000  ................  ................
[derby] 1E80   0000010000000000  0000000000000000  ................  ................
[derby] 1E90   0000008000000000  0000000000000000  ................  ................
[derby] 1EA0   0000000000000000  0000000000000000  ................  ................
[derby] 1EB0   0000000000008000  0000000000000000  ................  ................
[derby] 1EC0   8000000000800000  0000000000000000  ................  ................
[derby] 1ED0   0001000000000000  0000000000000000  ................  ................
[derby] 1EE0   8000000000000000  00001E0000000002  ................  ................
[derby] 1EF0   00010007312C322C  342C380001000000  ....1,2,4,8.....  ................
[derby] 1F00   0000000000093130  30332C3130303400  ......1003,1004.  ................
[derby] 1F10   22313030332C3130  30372C313030383B  "1003,1007,1008;  ................
[derby] 1F20   313030342C313030  372C313030383B31  1004,1007,1008;1  ................
[derby] 1F30   3030350000000000  0000043130303300  005........1003.  ................
[derby] 1F40   0431303033000431  3030330000000000  .1003..1003.....  ................
[derby] 1F50   0000010000000064  3032303030435353  .......d02000CSS  ................
[derby] 1F60   3130303831000000  0000000000010000  10081...........  ................
[derby] 1F70   0000000000000000  0000000000002020  ..............    ................
[derby] 1F80   2020202020202020  20000000000000FF           .......  ................
[derby] 1F90   FF                                  .                 .               
[derby] 
[derby] [net][time:1377809945901][thread:main][tracepoint:1][Request.flush]
[derby]        SEND BUFFER: CLSQRY                 (ASCII)           (EBCDIC)
[derby]        0 1 2 3 4 5 6 7   8 9 A B C D E F   0123456789ABCDEF  0123456789ABCDEF
[derby] 0000   0076D04100010070  2005006021130028  .v.A...p ..`!..(  ..}........-....
[derby] 0010   434F52454A415641  3B74726163654669  COREJAVA;traceFi  .|........./....
[derby] 0020   6C653D7472616365  2E6F75743B637265  le=trace.out;cre  %..../...?......
[derby] 0030   6174653D74727565  00124E554C4C4944  ate=true..NULLID  /.........+.<<..
[derby] 0040   2020202020202020  2020202000125359              ..SY  ................
[derby] 0050   534C483030302020  2020202020202020  SLH000            .<..............
[derby] 0060   5359534C564C3031  0001000C215B0000  SYSLVL01....![..  ...<.<.......$..
[derby] 0070   000000000000                        ......            ......          
[derby] 
[derby]        SEND BUFFER: RDBCMM                 (ASCII)           (EBCDIC)
[derby] 0000   000AD00100020004  200E              ........ .        ..}.......      
[derby] 
[derby] [net][time:1377809945902][thread:main][tracepoint:2][Reply.fill]
[derby]        RECEIVE BUFFER: SQLCARD             (ASCII)           (EBCDIC)
[derby]        0 1 2 3 4 5 6 7   8 9 A B C D E F   0123456789ABCDEF  0123456789ABCDEF
[derby] 0000   0047D04300010041  2408000000000020  .G.C...A$......   ..}.............
[derby] 0010   2020202043535331  3030383100000000      CSS10081....  ................
[derby] 0020   0000000000000000  0000000000000000  ................  ................
[derby] 0030   0000000000202020  2020202020202020  .....             ................
[derby] 0040   000000000000FF                      .......           .......         
[derby] 
[derby]        RECEIVE BUFFER: ENDUOWRM            (ASCII)           (EBCDIC)
[derby] 0000   0015D0520002000F  220C000611490004  ...R...."....I..  ..}.............
[derby] 0010   0005211501                          ..!..             .....           
[derby] 
[derby]        RECEIVE BUFFER: SQLCARD             (ASCII)           (EBCDIC)
[derby] 0000   0047D00300020041  2408000000000020  .G.....A$......   ..}.............
[derby] 0010   2020202043535331  3030383100000000      CSS10081....  ................
[derby] 0020   0000000000000000  0000000000000000  ................  ................
[derby] 0030   0000000000202020  2020202020202020  .....             ................
[derby] 0040   000000000000FF                      .......           .......         
[derby] 
[derby][Time:1377809945902][Thread:main][Connection@13e5454] isClosed () returned false
[derby][Time:1377809945902][Thread:main][Connection@13e5454] createStatement () called
[derby][Time:1377809945903][Thread:main][Connection@13e5454] createStatement () returned Statement@2606b8
[derby][Time:1377809945903][Thread:main][Statement@2606b8] executeUpdate (CREATE TABLE Greetings (Message CHAR(20))) called
[derby][Time:1377809945903][Thread:main][Connection@13e5454] isClosed () returned false
[derby] [net][time:1377809945903][thread:main][tracepoint:1][Request.flush]
[derby]        SEND BUFFER: EXCSQLIMM              (ASCII)           (EBCDIC)
[derby]        0 1 2 3 4 5 6 7   8 9 A B C D E F   0123456789ABCDEF  0123456789ABCDEF
[derby] 0000   006FD05100010069  200A006021130028  .o.Q...i ..`!..(  .?}........-....
[derby] 0010   434F52454A415641  3B74726163654669  COREJAVA;traceFi  .|........./....
[derby] 0020   6C653D7472616365  2E6F75743B637265  le=trace.out;cre  %..../...?......
[derby] 0030   6174653D74727565  00124E554C4C4944  ate=true..NULLID  /.........+.<<..
[derby] 0040   2020202020202020  2020202000125359              ..SY  ................
[derby] 0050   534C483030302020  2020202020202020  SLH000            .<..............
[derby] 0060   5359534C564C3031  000200052105F1    SYSLVL01....!..   ...<.<........1 
[derby] 
[derby]        SEND BUFFER: SQLSTT                 (ASCII)           (EBCDIC)
[derby] 0000   0039D04300010033  2414000000002943  .9.C...3$.....)C  ..}.............
[derby] 0010   5245415445205441  424C452047726565  REATE TABLE Gree  .........<......
[derby] 0020   74696E677320284D  6573736167652043  tings (Message C  ..>....(.../....
[derby] 0030   4841522832302929  FF                HAR(20)).         .........       
[derby] 
[derby]        SEND BUFFER: RDBCMM                 (ASCII)           (EBCDIC)
[derby] 0000   000AD00100020004  200E              ........ .        ..}.......      
[derby] 
[derby] [net][time:1377809945942][thread:main][tracepoint:2][Reply.fill]
[derby]        RECEIVE BUFFER: RDBUPDRM            (ASCII)           (EBCDIC)
[derby]        0 1 2 3 4 5 6 7   8 9 A B C D E F   0123456789ABCDEF  0123456789ABCDEF
[derby] 0000   003CD05200010036  2218000611490000  .<.R...6"....I..  ..}.............
[derby] 0010   002C2110434F5245  4A4156413B747261  .,!.COREJAVA;tra  .....|........./
[derby] 0020   636546696C653D74  726163652E6F7574  ceFile=trace.out  ....%..../...?..
[derby] 0030   3B6372656174653D  74727565          ;create=true      ..../.......    
[derby] 
[derby]        RECEIVE BUFFER: SQLCARD             (ASCII)           (EBCDIC)
[derby] 0000   0047D04300010041  2408000000000020  .G.C...A$......   ..}.............
[derby] 0010   2020202043535331  3030383100000000      CSS10081....  ................
[derby] 0020   0000000000000000  0000000000000000  ................  ................
[derby] 0030   0000000000202020  2020202020202020  .....             ................
[derby] 0040   000000000000FF                      .......           .......         
[derby] 
[derby]        RECEIVE BUFFER: ENDUOWRM            (ASCII)           (EBCDIC)
[derby] 0000   0015D0520002000F  220C000611490004  ...R...."....I..  ..}.............
[derby] 0010   0005211501                          ..!..             .....           
[derby] 
[derby]        RECEIVE BUFFER: SQLCARD             (ASCII)           (EBCDIC)
[derby] 0000   0047D00300020041  2408000000000020  .G.....A$......   ..}.............
[derby] 0010   2020202043535331  3030383100000000      CSS10081....  ................
[derby] 0020   0000000000000000  0000000000000000  ................  ................
[derby] 0030   0000000000202020  2020202020202020  .....             ................
[derby] 0040   000000000000FF                      .......           .......         
[derby] 
[derby][Time:1377809945943][Thread:main][Statement@2606b8] executeUpdate () returned 0
[derby][Time:1377809945943][Thread:main][Statement@2606b8] executeUpdate (INSERT INTO Greetings VALUES ('Hello, World!')) called
[derby][Time:1377809945943][Thread:main][Connection@13e5454] isClosed () returned false
[derby] [net][time:1377809945943][thread:main][tracepoint:1][Request.flush]
[derby]        SEND BUFFER: EXCSQLIMM              (ASCII)           (EBCDIC)
[derby]        0 1 2 3 4 5 6 7   8 9 A B C D E F   0123456789ABCDEF  0123456789ABCDEF
[derby] 0000   006FD05100010069  200A006021130028  .o.Q...i ..`!..(  .?}........-....
[derby] 0010   434F52454A415641  3B74726163654669  COREJAVA;traceFi  .|........./....
[derby] 0020   6C653D7472616365  2E6F75743B637265  le=trace.out;cre  %..../...?......
[derby] 0030   6174653D74727565  00124E554C4C4944  ate=true..NULLID  /.........+.<<..
[derby] 0040   2020202020202020  2020202000125359              ..SY  ................
[derby] 0050   534C483030302020  2020202020202020  SLH000            .<..............
[derby] 0060   5359534C564C3031  000300052105F1    SYSLVL01....!..   ...<.<........1 
[derby] 
[derby]        SEND BUFFER: SQLSTT                 (ASCII)           (EBCDIC)
[derby] 0000   003ED04300010038  2414000000002E49  .>.C...8$......I  ..}.............
[derby] 0010   4E5345525420494E  544F204772656574  NSERT INTO Greet  +......+.|......
[derby] 0020   696E67732056414C  5545532028274865  ings VALUES ('He  .>.....<........
[derby] 0030   6C6C6F2C20576F72  6C64212729FF      llo, World!').    %%?...?.%.....  
[derby] 
[derby]        SEND BUFFER: RDBCMM                 (ASCII)           (EBCDIC)
[derby] 0000   000AD00100020004  200E              ........ .        ..}.......      
[derby] 
[derby] [net][time:1377809945962][thread:main][tracepoint:2][Reply.fill]
[derby]        RECEIVE BUFFER: RDBUPDRM            (ASCII)           (EBCDIC)
[derby]        0 1 2 3 4 5 6 7   8 9 A B C D E F   0123456789ABCDEF  0123456789ABCDEF
[derby] 0000   003CD05200010036  2218000611490000  .<.R...6"....I..  ..}.............
[derby] 0010   002C2110434F5245  4A4156413B747261  .,!.COREJAVA;tra  .....|........./
[derby] 0020   636546696C653D74  726163652E6F7574  ceFile=trace.out  ....%..../...?..
[derby] 0030   3B6372656174653D  74727565          ;create=true      ..../.......    
[derby] 
[derby]        RECEIVE BUFFER: SQLCARD             (ASCII)           (EBCDIC)
[derby] 0000   0047D04300010041  2408000000000020  .G.C...A$......   ..}.............
[derby] 0010   2020202043535331  3030383100000000      CSS10081....  ................
[derby] 0020   0000000000000000  0100000000000000  ................  ................
[derby] 0030   0000000000202020  2020202020202020  .....             ................
[derby] 0040   000000000000FF                      .......           .......         
[derby] 
[derby]        RECEIVE BUFFER: ENDUOWRM            (ASCII)           (EBCDIC)
[derby] 0000   0015D0520002000F  220C000611490004  ...R...."....I..  ..}.............
[derby] 0010   0005211501                          ..!..             .....           
[derby] 
[derby]        RECEIVE BUFFER: SQLCARD             (ASCII)           (EBCDIC)
[derby] 0000   0047D00300020041  2408000000000020  .G.....A$......   ..}.............
[derby] 0010   2020202043535331  3030383100000000      CSS10081....  ................
[derby] 0020   0000000000000000  0000000000000000  ................  ................
[derby] 0030   0000000000202020  2020202020202020  .....             ................
[derby] 0040   000000000000FF                      .......           .......         
[derby] 
[derby][Time:1377809945963][Thread:main][Statement@2606b8] executeUpdate () returned 1
[derby][Time:1377809945963][Thread:main][Statement@2606b8] executeUpdate (INSERT INTO Greetings VALUES ('LiuLiu:)')) called
[derby][Time:1377809945963][Thread:main][Connection@13e5454] isClosed () returned false
[derby] [net][time:1377809945963][thread:main][tracepoint:1][Request.flush]
[derby]        SEND BUFFER: EXCSQLIMM              (ASCII)           (EBCDIC)
[derby]        0 1 2 3 4 5 6 7   8 9 A B C D E F   0123456789ABCDEF  0123456789ABCDEF
[derby] 0000   006FD05100010069  200A006021130028  .o.Q...i ..`!..(  .?}........-....
[derby] 0010   434F52454A415641  3B74726163654669  COREJAVA;traceFi  .|........./....
[derby] 0020   6C653D7472616365  2E6F75743B637265  le=trace.out;cre  %..../...?......
[derby] 0030   6174653D74727565  00124E554C4C4944  ate=true..NULLID  /.........+.<<..
[derby] 0040   2020202020202020  2020202000125359              ..SY  ................
[derby] 0050   534C483030302020  2020202020202020  SLH000            .<..............
[derby] 0060   5359534C564C3031  000200052105F1    SYSLVL01....!..   ...<.<........1 
[derby] 
[derby]        SEND BUFFER: SQLSTT                 (ASCII)           (EBCDIC)
[derby] 0000   0039D04300010033  2414000000002949  .9.C...3$.....)I  ..}.............
[derby] 0010   4E5345525420494E  544F204772656574  NSERT INTO Greet  +......+.|......
[derby] 0020   696E67732056414C  5545532028274C69  ings VALUES ('Li  .>.....<......<.
[derby] 0030   754C69753A292729  FF                uLiu:)').         .<.......       
[derby] 
[derby]        SEND BUFFER: RDBCMM                 (ASCII)           (EBCDIC)
[derby] 0000   000AD00100020004  200E              ........ .        ..}.......      
[derby] 
[derby] [net][time:1377809945980][thread:main][tracepoint:2][Reply.fill]
[derby]        RECEIVE BUFFER: RDBUPDRM            (ASCII)           (EBCDIC)
[derby]        0 1 2 3 4 5 6 7   8 9 A B C D E F   0123456789ABCDEF  0123456789ABCDEF
[derby] 0000   003CD05200010036  2218000611490000  .<.R...6"....I..  ..}.............
[derby] 0010   002C2110434F5245  4A4156413B747261  .,!.COREJAVA;tra  .....|........./
[derby] 0020   636546696C653D74  726163652E6F7574  ceFile=trace.out  ....%..../...?..
[derby] 0030   3B6372656174653D  74727565          ;create=true      ..../.......    
[derby] 
[derby]        RECEIVE BUFFER: SQLCARD             (ASCII)           (EBCDIC)
[derby] 0000   0047D04300010041  2408000000000020  .G.C...A$......   ..}.............
[derby] 0010   2020202043535331  3030383100000000      CSS10081....  ................
[derby] 0020   0000000000000000  0100000000000000  ................  ................
[derby] 0030   0000000000202020  2020202020202020  .....             ................
[derby] 0040   000000000000FF                      .......           .......         
[derby] 
[derby]        RECEIVE BUFFER: ENDUOWRM            (ASCII)           (EBCDIC)
[derby] 0000   0015D0520002000F  220C000611490004  ...R...."....I..  ..}.............
[derby] 0010   0005211501                          ..!..             .....           
[derby] 
[derby]        RECEIVE BUFFER: SQLCARD             (ASCII)           (EBCDIC)
[derby] 0000   0047D00300020041  2408000000000020  .G.....A$......   ..}.............
[derby] 0010   2020202043535331  3030383100000000      CSS10081....  ................
[derby] 0020   0000000000000000  0000000000000000  ................  ................
[derby] 0030   0000000000202020  2020202020202020  .....             ................
[derby] 0040   000000000000FF                      .......           .......         
[derby] 
[derby][Time:1377809945980][Thread:main][Statement@2606b8] executeUpdate () returned 1
[derby][Time:1377809945981][Thread:main][Statement@2606b8] executeQuery (SELECT * FROM Greetings) called
[derby][Time:1377809945981][Thread:main][Connection@13e5454] isClosed () returned false
[derby] [net][time:1377809945981][thread:main][tracepoint:1][Request.flush]
[derby]        SEND BUFFER: PRPSQLSTT              (ASCII)           (EBCDIC)
[derby]        0 1 2 3 4 5 6 7   8 9 A B C D E F   0123456789ABCDEF  0123456789ABCDEF
[derby] 0000   0074D0510001006E  200D006021130028  .t.Q...n ..`!..(  ..}....>...-....
[derby] 0010   434F52454A415641  3B74726163654669  COREJAVA;traceFi  .|........./....
[derby] 0020   6C653D7472616365  2E6F75743B637265  le=trace.out;cre  %..../...?......
[derby] 0030   6174653D74727565  00124E554C4C4944  ate=true..NULLID  /.........+.<<..
[derby] 0040   2020202020202020  2020202000125359              ..SY  ................
[derby] 0050   534C483030302020  2020202020202020  SLH000            .<..............
[derby] 0060   5359534C564C3031  000300052116F100  SYSLVL01....!...  ...<.<........1.
[derby] 0070   05214604                            .!F.              ....            
[derby] 
[derby]        SEND BUFFER:                        (ASCII)           (EBCDIC)
[derby] 0000   001AD05300010014  2450000000000A57  ...S....$P.....W  ..}......&......
[derby] 0010   49544820484F4C44  20FF0027D0430001  ITH HOLD ..'.C..  .....|<.....}...
[derby] 0020   0021241400000000  1753454C45435420  .!$......SELECT   ...........<....
[derby] 0030   2A2046524F4D2047  72656574696E6773  * FROM Greetings  ....|(.......>..
[derby] 0040   FF0077D001000200  71200C0060211300  ..w.....q ..`!..  ...}........-...
[derby] 0050   28434F52454A4156  413B747261636546  (COREJAVA;traceF  ..|........./...
[derby] 0060   696C653D74726163  652E6F75743B6372  ile=trace.out;cr  .%..../...?.....
[derby] 0070   656174653D747275  6500124E554C4C49  eate=true..NULLI  ./.........+.<<.
[derby] 0080   4420202020202020  2020202020001253  D            ..S  ................
[derby] 0090   59534C4830303020  2020202020202020  YSLH000           ..<.............
[derby] 00A0   205359534C564C30  3100030008211400   SYSLVL01....!..  ....<.<.........
[derby] 00B0   007FFF0005215D01                    .....!].          ."....).        
[derby] 
[derby] [net][time:1377809946001][thread:main][tracepoint:2][Reply.fill]
[derby]        RECEIVE BUFFER: SQLDARD             (ASCII)           (EBCDIC)
[derby]        0 1 2 3 4 5 6 7   8 9 A B C D E F   0123456789ABCDEF  0123456789ABCDEF
[derby] 0000   00B3D043000100AD  2411000000000020  ...C....$......   ..}.............
[derby] 0010   2020202043535331  3030383100000000      CSS10081....  ................
[derby] 0020   0000000000000000  0000000000000000  ................  ................
[derby] 0030   0000000000202020  2020202020202020  .....             ................
[derby] 0040   000000000000FF00  0001000000000000  ................  ................
[derby] 0050   0000000000000000  0000000100140000  ................  ................
[derby] 0060   0000000000000014  01C504B800000000  ................  .........E......
[derby] 0070   074D455353414745  0000000000000000  .MESSAGE........  .(..............
[derby] 0080   0000FF0000000000  0000000000000000  ................  ................
[derby] 0090   0000000947524545  54494E4753000000  ....GREETINGS...  ..........+.....
[derby] 00A0   054C49414E470000  00074D4553534147  .LIANG....MESSAG  .<..+.....(.....
[derby] 00B0   450000                              E..               ...             
[derby] 
[derby]        RECEIVE BUFFER: OPNQRYRM            (ASCII)           (EBCDIC)
[derby] 0000   002CD05200020026  2205000611490000  .,.R...&"....I..  ..}.............
[derby] 0010   0006210224170005  211FF1000C215B00  ..!.$...!....![.  ..........1...$.
[derby] 0020   0000000000000100  05215001          .........!P.      ..........&.    
[derby] 
[derby]        RECEIVE BUFFER: QRYDSC              (ASCII)           (EBCDIC)
[derby] 0000   001FD05300020019  241A0676D03F0014  ...S....$..v.?..  ..}.........}...
[derby] 0010   0971E0540001D000  010671F0E00000    .q.T......q....   ..\...}....0\.. 
[derby] 
[derby]        RECEIVE BUFFER: QRYDTA              (ASCII)           (EBCDIC)
[derby] 0000   007AD00300020074  241BFF0000001448  .z.....t$......H  .:}.............
[derby] 0010   656C6C6F2C20576F  726C642120202020  ello, World!      .%%?...?.%......
[derby] 0020   202020FF00000014  4C69754C69753A29     .....LiuLiu:)  ........<..<....
[derby] 0030   2020202020202020  2020202000000000              ....  ................
[derby] 0040   6430323030304353  5331303038310000  d02000CSS10081..  ................
[derby] 0050   0000000000000200  0000000000000000  ................  ................
[derby] 0060   0000000000000020  2020202020202020  .......           ................
[derby] 0070   2020000000000000  FFFF                ........        ..........      
[derby] 
[derby][ResultSetMetaData@831e35] BEGIN TRACE_RESULT_SET_META_DATA
[derby][ResultSetMetaData@831e35] Result set meta data for statement Statement@2606b8
[derby][ResultSetMetaData@831e35] Number of result set columns: 1
[derby][ResultSetMetaData@831e35] Column 1: { label=MESSAGE, name=MESSAGE, type name=CHAR, type=1, nullable=1, precision=20, scale=0, schema name=LIANG, table name=GREETINGS, writable=false, sqlPrecision=20, sqlScale=0, sqlLength=20, sqlType=453, sqlCcsid=1208, sqlName=MESSAGE, sqlLabel=null, sqlUnnamed=0, sqlComment=null, sqlxKeymem=0, sqlxGenerated=0, sqlxParmmode=0, sqlxCorname=null, sqlxName=MESSAGE, sqlxBasename=GREETINGS, sqlxUpdatable=0, sqlxSchema=LIANG, sqlxRdbnam=, internal type=1,  }
[derby][ResultSetMetaData@831e35] { sqldHold=1, sqldReturn=0, sqldScroll=0, sqldSensitive=0, sqldFcode=0, sqldKeytype=0, sqldRdbnam=, sqldSchema=null }
[derby][ResultSetMetaData@831e35] END TRACE_RESULT_SET_META_DATA
[derby][Time:1377809946003][Thread:main][Statement@2606b8] executeQuery () returned ResultSet@346762
[derby][Time:1377809946003][Thread:main][ResultSet@346762] getMetaData () called
[derby][Time:1377809946003][Thread:main][ResultSet@346762] getMetaData () returned org.apache.derby.client.am.ColumnMetaData40@831e35
[derby][Time:1377809946003][Thread:main][ResultSet@346762] next () called
[derby][Time:1377809946003][Thread:main][ResultSet@346762] next () returned true
[derby][Time:1377809946003][Thread:main][ResultSet@346762] getString (1) called
[derby][Time:1377809946003][Thread:main][ResultSet@346762] getString () returned Hello, World!       
[derby][Time:1377809946003][Thread:main][ResultSet@346762] next () called
[derby][Time:1377809946003][Thread:main][ResultSet@346762] next () returned true
[derby][Time:1377809946003][Thread:main][ResultSet@346762] getString (1) called
[derby][Time:1377809946003][Thread:main][ResultSet@346762] getString () returned LiuLiu:)            
[derby][Time:1377809946003][Thread:main][ResultSet@346762] next () called
[derby] [net][time:1377809946004][thread:main][tracepoint:1][Request.flush]
[derby]        SEND BUFFER: RDBCMM                 (ASCII)           (EBCDIC)
[derby]        0 1 2 3 4 5 6 7   8 9 A B C D E F   0123456789ABCDEF  0123456789ABCDEF
[derby] 0000   000AD00100010004  200E              ........ .        ..}.......      
[derby] 
[derby] [net][time:1377809946004][thread:main][tracepoint:2][Reply.fill]
[derby]        RECEIVE BUFFER: ENDUOWRM            (ASCII)           (EBCDIC)
[derby]        0 1 2 3 4 5 6 7   8 9 A B C D E F   0123456789ABCDEF  0123456789ABCDEF
[derby] 0000   0015D0520001000F  220C000611490004  ...R...."....I..  ..}.............
[derby] 0010   0005211501                          ..!..             .....           
[derby] 
[derby]        RECEIVE BUFFER: SQLCARD             (ASCII)           (EBCDIC)
[derby] 0000   0047D00300010041  2408000000000020  .G.....A$......   ..}.............
[derby] 0010   2020202043535331  3030383100000000      CSS10081....  ................
[derby] 0020   0000000000000000  0000000000000000  ................  ................
[derby] 0030   0000000000202020  2020202020202020  .....             ................
[derby] 0040   000000000000FF                      .......           .......         
[derby] 
[derby][Time:1377809946004][Thread:main][ResultSet@346762] next () returned false
[derby][Time:1377809946004][Thread:main][ResultSet@346762] close () called
[derby][Time:1377809946004][Thread:main][Connection@13e5454] isClosed () returned false
[derby][Time:1377809946004][Thread:main][Statement@2606b8] executeUpdate (DROP TABLE Greetings) called
[derby][Time:1377809946004][Thread:main][Connection@13e5454] isClosed () returned false
[derby] [net][time:1377809946004][thread:main][tracepoint:1][Request.flush]
[derby]        SEND BUFFER: EXCSQLIMM              (ASCII)           (EBCDIC)
[derby]        0 1 2 3 4 5 6 7   8 9 A B C D E F   0123456789ABCDEF  0123456789ABCDEF
[derby] 0000   006FD05100010069  200A006021130028  .o.Q...i ..`!..(  .?}........-....
[derby] 0010   434F52454A415641  3B74726163654669  COREJAVA;traceFi  .|........./....
[derby] 0020   6C653D7472616365  2E6F75743B637265  le=trace.out;cre  %..../...?......
[derby] 0030   6174653D74727565  00124E554C4C4944  ate=true..NULLID  /.........+.<<..
[derby] 0040   2020202020202020  2020202000125359              ..SY  ................
[derby] 0050   534C483030302020  2020202020202020  SLH000            .<..............
[derby] 0060   5359534C564C3031  000200052105F1    SYSLVL01....!..   ...<.<........1 
[derby] 
[derby]        SEND BUFFER: SQLSTT                 (ASCII)           (EBCDIC)
[derby] 0000   0024D0430001001E  2414000000001444  .$.C....$......D  ..}.............
[derby] 0010   524F50205441424C  4520477265657469  ROP TABLE Greeti  .|&....<........
[derby] 0020   6E6773FF                            ngs.              >...            
[derby] 
[derby]        SEND BUFFER: RDBCMM                 (ASCII)           (EBCDIC)
[derby] 0000   000AD00100020004  200E              ........ .        ..}.......      
[derby] 
[derby][Time:1377809946005][Thread:main][Connection@13e5454] isClosed () returned false
[derby][Time:1377809946005][Thread:main][Connection@13e5454] isClosed () returned false
[derby] [net][time:1377809946019][thread:main][tracepoint:2][Reply.fill]
[derby]        RECEIVE BUFFER: RDBUPDRM            (ASCII)           (EBCDIC)
[derby]        0 1 2 3 4 5 6 7   8 9 A B C D E F   0123456789ABCDEF  0123456789ABCDEF
[derby] 0000   003CD05200010036  2218000611490000  .<.R...6"....I..  ..}.............
[derby] 0010   002C2110434F5245  4A4156413B747261  .,!.COREJAVA;tra  .....|........./
[derby] 0020   636546696C653D74  726163652E6F7574  ceFile=trace.out  ....%..../...?..
[derby] 0030   3B6372656174653D  74727565          ;create=true      ..../.......    
[derby] 
[derby]        RECEIVE BUFFER: SQLCARD             (ASCII)           (EBCDIC)
[derby] 0000   0047D04300010041  2408000000000020  .G.C...A$......   ..}.............
[derby] 0010   2020202043535331  3030383100000000      CSS10081....  ................
[derby] 0020   0000000000000000  0000000000000000  ................  ................
[derby] 0030   0000000000202020  2020202020202020  .....             ................
[derby] 0040   000000000000FF                      .......           .......         
[derby] 
[derby]        RECEIVE BUFFER: ENDUOWRM            (ASCII)           (EBCDIC)
[derby] 0000   0015D0520002000F  220C000611490004  ...R...."....I..  ..}.............
[derby] 0010   0005211501                          ..!..             .....           
[derby] 
[derby]        RECEIVE BUFFER: SQLCARD             (ASCII)           (EBCDIC)
[derby] 0000   0047D00300020041  2408000000000020  .G.....A$......   ..}.............
[derby] 0010   2020202043535331  3030383100000000      CSS10081....  ................
[derby] 0020   0000000000000000  0000000000000000  ................  ................
[derby] 0030   0000000000202020  2020202020202020  .....             ................
[derby] 0040   000000000000FF                      .......           .......         
[derby] 
[derby][Time:1377809946019][Thread:main][Statement@2606b8] executeUpdate () returned 0
[derby][Time:1377809946019][Thread:main][Connection@13e5454] close () called
[derby] [net][time:1377809946019][thread:main][tracepoint:1][Request.flush]
[derby]        SEND BUFFER: RDBCMM                 (ASCII)           (EBCDIC)
[derby]        0 1 2 3 4 5 6 7   8 9 A B C D E F   0123456789ABCDEF  0123456789ABCDEF
[derby] 0000   000AD00100010004  200E              ........ .        ..}.......      
[derby] 
[derby][Time:1377809946019][Thread:main][Connection@13e5454] isClosed () returned false
[derby] [net][time:1377809946019][thread:main][tracepoint:2][Reply.fill]
[derby]        RECEIVE BUFFER: ENDUOWRM            (ASCII)           (EBCDIC)
[derby]        0 1 2 3 4 5 6 7   8 9 A B C D E F   0123456789ABCDEF  0123456789ABCDEF
[derby] 0000   0015D0520001000F  220C000611490004  ...R...."....I..  ..}.............
[derby] 0010   0005211501                          ..!..             .....           
[derby] 
[derby]        RECEIVE BUFFER: SQLCARD             (ASCII)           (EBCDIC)
[derby] 0000   0047D00300010041  2408000000000020  .G.....A$......   ..}.............
[derby] 0010   2020202043535331  3030383100000000      CSS10081....  ................
[derby] 0020   0000000000000000  0000000000000000  ................  ................
[derby] 0030   0000000000202020  2020202020202020  .....             ................
[derby] 0040   000000000000FF                      .......           .......         
[derby] 
[derby][Time:1377809946020][Thread:main][Connection@13e5454] isClosed () returned true
[derby][Time:1377809946020][Thread:main][Connection@13e5454] isClosed () returned true
